running egg_info
creating ../../build/andres_project/andres_project.egg-info
writing ../../build/andres_project/andres_project.egg-info/PKG-INFO
writing dependency_links to ../../build/andres_project/andres_project.egg-info/dependency_links.txt
writing entry points to ../../build/andres_project/andres_project.egg-info/entry_points.txt
writing requirements to ../../build/andres_project/andres_project.egg-info/requires.txt
writing top-level names to ../../build/andres_project/andres_project.egg-info/top_level.txt
writing manifest file '../../build/andres_project/andres_project.egg-info/SOURCES.txt'
reading manifest file '../../build/andres_project/andres_project.egg-info/SOURCES.txt'
writing manifest file '../../build/andres_project/andres_project.egg-info/SOURCES.txt'
running build
running build_py
creating /home/andres/andres_ws/build/andres_project/build
creating /home/andres/andres_ws/build/andres_project/build/lib
creating /home/andres/andres_ws/build/andres_project/build/lib/andres_project
copying andres_project/__init__.py -> /home/andres/andres_ws/build/andres_project/build/lib/andres_project
copying andres_project/FollowTheGap_node.py -> /home/andres/andres_ws/build/andres_project/build/lib/andres_project
running install
running install_lib
creating /home/andres/andres_ws/install/andres_project/lib/python3.10/site-packages/andres_project
copying /home/andres/andres_ws/build/andres_project/build/lib/andres_project/__init__.py -> /home/andres/andres_ws/install/andres_project/lib/python3.10/site-packages/andres_project
copying /home/andres/andres_ws/build/andres_project/build/lib/andres_project/FollowTheGap_node.py -> /home/andres/andres_ws/install/andres_project/lib/python3.10/site-packages/andres_project
byte-compiling /home/andres/andres_ws/install/andres_project/lib/python3.10/site-packages/andres_project/__init__.py to __init__.cpython-310.pyc
byte-compiling /home/andres/andres_ws/install/andres_project/lib/python3.10/site-packages/andres_project/FollowTheGap_node.py to FollowTheGap_node.cpython-310.pyc
running install_data
creating /home/andres/andres_ws/install/andres_project/share/ament_index
creating /home/andres/andres_ws/install/andres_project/share/ament_index/resource_index
creating /home/andres/andres_ws/install/andres_project/share/ament_index/resource_index/packages
copying resource/andres_project -> /home/andres/andres_ws/install/andres_project/share/ament_index/resource_index/packages
copying package.xml -> /home/andres/andres_ws/install/andres_project/share/andres_project
creating /home/andres/andres_ws/install/andres_project/share/andres_project/launch
copying launch/all_nodes.launch.py -> /home/andres/andres_ws/install/andres_project/share/andres_project/launch
running install_egg_info
Copying ../../build/andres_project/andres_project.egg-info to /home/andres/andres_ws/install/andres_project/lib/python3.10/site-packages/andres_project-0.0.0-py3.10.egg-info
running install_scripts
Installing FollowTheGap_node script to /home/andres/andres_ws/install/andres_project/lib/andres_project
writing list of installed files to '/home/andres/andres_ws/build/andres_project/install.log'
